0 info it worked if it ends with ok
1 verbose cli [ 'D:\\安装软件\\node\\node.exe',
1 verbose cli   'D:\\安装软件\\node\\node_modules\\npm\\bin\\npm-cli.js',
1 verbose cli   'run',
1 verbose cli   'start' ]
2 info using npm@3.10.10
3 info using node@v6.10.3
4 verbose run-script [ 'prestart', 'start', 'poststart' ]
5 info lifecycle nodeproxy@0.0.0~prestart: nodeproxy@0.0.0
6 silly lifecycle nodeproxy@0.0.0~prestart: no script for prestart, continuing
7 info lifecycle nodeproxy@0.0.0~start: nodeproxy@0.0.0
8 verbose lifecycle nodeproxy@0.0.0~start: unsafe-perm in lifecycle true
9 verbose lifecycle nodeproxy@0.0.0~start: PATH: D:\安装软件\node\node_modules\npm\bin\node-gyp-bin;D:\self\nodeRouter\node_modules\.bin;C:\Program Files (x86)\Java\jdk1.8.0_101\bin;C:\Program Files (x86)\Java\jdk1.8.0_101\jre\bin;D:\oracle\product\10.2.0\client_1\bin;D:\OraHome_1;D:\app\houzhiwei\product\11.2.0\client_1;D:\app\houzhiwei\product\11.2.0\client_1\bin;C:\ProgramData\Oracle\Java\javapath;C:\Program Files (x86)\Intel\iCLS Client\;C:\Program Files\Intel\iCLS Client\;C:\WINDOWS\system32;C:\WINDOWS;C:\WINDOWS\System32\Wbem;C:\WINDOWS\System32\WindowsPowerShell\v1.0\;C:\Program Files (x86)\AMD\ATI.ACE\Core-Static;C:\Program Files\Intel\WiFi\bin\;C:\Program Files\Common Files\Intel\WirelessCommon\;C:\Program Files\Intel\Intel(R) Management Engine Components\DAL;C:\Program Files (x86)\Intel\Intel(R) Management Engine Components\DAL;C:\Program Files\Intel\Intel(R) Management Engine Components\IPT;C:\Program Files (x86)\Intel\Intel(R) Management Engine Components\IPT;D:\Work\apache-maven-3.3.3-bin\apache-maven-3.3.3\bin;C:\Program Files\MySQL\MySQL Server 5.7\bin;C:\Program Files (x86)\ATI Technologies\ATI.ACE\Core-Static;C:\Program Files (x86)\Calibre2\;D:\Tools\mysql-5.7.11-winx64\bin;C:\Program Files\Apache Software Foundation\apache-maven-3.3.9\bin;C:\Program Files (x86)\Java\jdk1.8.0_101;D:\安装软件\node\;C:\Program Files\Git\bin;%ANDROID_HOME%\platform-tools;%ANDROID_HOME%\tools;C:\Users\lidongdong\AppData\Local\Microsoft\WindowsApps;C:\Users\lidongdong\AppData\Roaming\npm;C:\Users\lidongdong\AppData\Local\Programs\Fiddler
10 verbose lifecycle nodeproxy@0.0.0~start: CWD: D:\self\nodeRouter
11 silly lifecycle nodeproxy@0.0.0~start: Args: [ '/d /s /c', 'node ./bin/www' ]
12 silly lifecycle nodeproxy@0.0.0~start: Returned: code: 1  signal: null
13 info lifecycle nodeproxy@0.0.0~start: Failed to exec start script
14 verbose stack Error: nodeproxy@0.0.0 start: `node ./bin/www`
14 verbose stack Exit status 1
14 verbose stack     at EventEmitter.<anonymous> (D:\安装软件\node\node_modules\npm\lib\utils\lifecycle.js:255:16)
14 verbose stack     at emitTwo (events.js:106:13)
14 verbose stack     at EventEmitter.emit (events.js:191:7)
14 verbose stack     at ChildProcess.<anonymous> (D:\安装软件\node\node_modules\npm\lib\utils\spawn.js:40:14)
14 verbose stack     at emitTwo (events.js:106:13)
14 verbose stack     at ChildProcess.emit (events.js:191:7)
14 verbose stack     at maybeClose (internal/child_process.js:886:16)
14 verbose stack     at Process.ChildProcess._handle.onexit (internal/child_process.js:226:5)
15 verbose pkgid nodeproxy@0.0.0
16 verbose cwd D:\self\nodeRouter
17 error Windows_NT 10.0.14393
18 error argv "D:\\安装软件\\node\\node.exe" "D:\\安装软件\\node\\node_modules\\npm\\bin\\npm-cli.js" "run" "start"
19 error node v6.10.3
20 error npm  v3.10.10
21 error code ELIFECYCLE
22 error nodeproxy@0.0.0 start: `node ./bin/www`
22 error Exit status 1
23 error Failed at the nodeproxy@0.0.0 start script 'node ./bin/www'.
23 error Make sure you have the latest version of node.js and npm installed.
23 error If you do, this is most likely a problem with the nodeproxy package,
23 error not with npm itself.
23 error Tell the author that this fails on your system:
23 error     node ./bin/www
23 error You can get information on how to open an issue for this project with:
23 error     npm bugs nodeproxy
23 error Or if that isn't available, you can get their info via:
23 error     npm owner ls nodeproxy
23 error There is likely additional logging output above.
24 verbose exit [ 1, true ]
